
=== Fri Mar 17 09:58:47 2023

Packages were changed.
Update Mode: updateDependencies

The following packages were added:
  com.unity.2d.sprite@1.0.0
  com.unity.2d.tilemap@1.0.0
  com.unity.collab-proxy@2.0.1
  com.unity.ide.rider@3.0.18
  com.unity.ide.visualstudio@2.0.17
  com.unity.ide.vscode@1.2.5
  com.unity.modules.androidjni@1.0.0
  com.unity.test-framework@1.1.31
  com.unity.timeline@1.6.4
  com.unity.ugui@1.0.0
  com.unity.xr.legacyinputhelpers@2.1.10
The following packages were updated:
  com.unity.ads from version 2.0.8 to 4.4.1
  com.unity.analytics from version 2.0.16 to 3.6.12
  com.unity.purchasing from version 2.0.3 to 4.6.0
  com.unity.textmeshpro from version 1.2.4 to 3.0.6
The following packages were removed:
  com.unity.package-manager-ui@1.9.11

=== Fri Mar 17 11:34:10 2023

Packages were changed.
Update Mode: updateDependencies

The following packages were updated:
  com.unity.2d.animation from version 5.1.1 to 7.0.9
  com.unity.2d.pixel-perfect from version 4.0.1 to 5.0.3
  com.unity.2d.psdimporter from version 4.2.0 to 6.0.7
  com.unity.2d.spriteshape from version 5.2.0 to 7.0.6
  com.unity.collab-proxy from version 1.15.13 to 2.0.1
  com.unity.ide.rider from version 2.0.7 to 3.0.18
  com.unity.ide.visualstudio from version 2.0.14 to 2.0.17
  com.unity.timeline from version 1.4.8 to 1.6.4

=== Fri Mar 17 11:34:10 2023

Packages were changed.
Update Mode: mergeDefaultDependencies

The following packages were added:
  com.unity.2d.animation@7.0.9
  com.unity.2d.pixel-perfect@5.0.3
  com.unity.2d.psdimporter@6.0.7
  com.unity.2d.spriteshape@7.0.6

=== Fri Mar 17 11:37:58 2023

Packages were changed.
Update Mode: updateDependencies

The following packages were updated:
  com.unity.2d.animation from version 5.1.1 to 7.0.9
  com.unity.2d.pixel-perfect from version 4.0.1 to 5.0.3
  com.unity.2d.psdimporter from version 4.2.0 to 6.0.7
  com.unity.2d.spriteshape from version 5.2.0 to 7.0.6
  com.unity.collab-proxy from version 1.15.13 to 2.0.1
  com.unity.ide.rider from version 2.0.7 to 3.0.18
  com.unity.ide.visualstudio from version 2.0.14 to 2.0.17
  com.unity.timeline from version 1.4.8 to 1.6.4
